2022-09-25 10:56:02:930 grammar LogManager.java:25 load Lex from MeAL.g4
2022-09-25 10:56:02:934 grammar LogManager.java:25 before: (COMBINED_GRAMMAR MeAL (import Lex) (RULES (RULE prog (BLOCK (ALT 'PROGRAM' IDENTIFIER PVIG decls CmdComp PONTO) (ALT 'PROGRAM' IDENTIFIER PVIG CmdComp PONTO))) (RULE decls (BLOCK (ALT 'VAR' listDecl))) (RULE listDecl (BLOCK (ALT declTip) (ALT declTip listDecl))) (RULE declTip (BLOCK (ALT listId DPONTOS tip PVIG))) (RULE listId (BLOCK (ALT IDENTIFIER) (ALT IDENTIFIER VIG listId))) (RULE tip (BLOCK (ALT TIPO))) (RULE cmdComp (BLOCK (ALT 'BEGIN' listCmd 'END'))) (RULE listCmd (BLOCK (ALT cmd) (ALT cmd 'PVIG' listCmd))) (RULE cmd (BLOCK (ALT cmdIf) (ALT cmdWhile) (ALT cmdRead) (ALT cmdWrite) (ALT cmdAtrib) (ALT cmdAtrib) (ALT cmdComp))) (RULE cmdIf (BLOCK (ALT 'IF' expr 'THEN' cmd) (ALT expr 'Then' cmd 'ELSE' cmd))) (RULE cmdWhile (BLOCK (ALT 'WHILE' expr 'DO' cmd))) (RULE cmdRead (BLOCK (ALT 'READ' ABPAR listId FPAR))) (RULE cmdWrite (BLOCK (ALT 'WRITE' ABPAR listW FPAR))) (RULE listW (BLOCK (ALT elemW) (ALT elemW VIG listW))) (RULE elemW (BLOCK (ALT expr) (ALT CADEIA))) (RULE cmdAtrib (BLOCK (ALT IDENTIFIER ATRIB expr))) (RULE expr (BLOCK (ALT INTEIROS OPREL expr) (ALT INTEIROS OPAD expr) (ALT INTEIROS) (ALT INTEIROS OPMULT expr) (ALT ABPAR expr FPAR) (ALT INTEIROS OPLOG expr) (ALT IDENTIFIER) (ALT IDENTIFIER OPREL expr) (ALT IDENTIFIER OPAD expr) (ALT IDENTIFIER OPMULT expr) (ALT IDENTIFIER OPLOG expr))) (RULE comentario (BLOCK (ALT COMENTARIO CADEIA)))))
2022-09-25 10:56:02:935 grammar LogManager.java:25 imported actions: []
2022-09-25 10:56:02:936 grammar LogManager.java:25 imported rule: (RULE LETRAS (BLOCK (ALT (* (BLOCK (ALT [a-zA-Z]))))))
2022-09-25 10:56:02:936 grammar LogManager.java:25 imported rule: (RULE CTE (BLOCK (ALT (+ (BLOCK (ALT [0-9])))) (ALT '-' (+ (BLOCK (ALT [0-9]))))))
2022-09-25 10:56:02:936 grammar LogManager.java:25 imported rule: (RULE NUMERO (BLOCK (ALT (+ (BLOCK (ALT [0-9]))))))
2022-09-25 10:56:02:936 grammar LogManager.java:25 imported rule: (RULE INTEIROS (BLOCK (ALT (? (BLOCK (ALT '+') (ALT '-'))) (* (BLOCK (ALT [0-9]))))))
2022-09-25 10:56:02:936 grammar LogManager.java:25 imported rule: (RULE CADEIA (BLOCK (ALT '"' (+ (BLOCK (ALT (.. 'A' 'Z')) (ALT (.. 'a' 'z')) (ALT (.. '0' '9')) (ALT '-') (ALT '_'))) '"')))
2022-09-25 10:56:02:936 grammar LogManager.java:25 imported rule: (RULE IDENTIFIER (BLOCK (ALT [a-zA-Z] (* (BLOCK (ALT [a-zA-Z0-9]))))))
2022-09-25 10:56:02:936 grammar LogManager.java:25 imported rule: (RULE BOOLEAN (BLOCK (ALT 'TRUE') (ALT 'FALSE')))
2022-09-25 10:56:02:936 grammar LogManager.java:25 imported rule: (RULE TIPO (BLOCK (ALT 'STRING') (ALT 'INTEGER') (ALT 'BOOLEAN')))
2022-09-25 10:56:02:936 grammar LogManager.java:25 imported rule: (RULE OPAD (BLOCK (ALT '+') (ALT '-')))
2022-09-25 10:56:02:936 grammar LogManager.java:25 imported rule: (RULE OPMULT (BLOCK (ALT '*') (ALT '/')))
2022-09-25 10:56:02:936 grammar LogManager.java:25 imported rule: (RULE OPLOG (BLOCK (ALT 'OR') (ALT 'AND')))
2022-09-25 10:56:02:936 grammar LogManager.java:25 imported rule: (RULE OPNEG (BLOCK (ALT '~')))
2022-09-25 10:56:02:936 grammar LogManager.java:25 imported rule: (RULE OPREL (BLOCK (ALT '<') (ALT '<=') (ALT '>') (ALT '>=') (ALT '==') (ALT '<>')))
2022-09-25 10:56:02:936 grammar LogManager.java:25 imported rule: (RULE PVIG (BLOCK (ALT ';')))
2022-09-25 10:56:02:936 grammar LogManager.java:25 imported rule: (RULE PONTO (BLOCK (ALT '.')))
2022-09-25 10:56:02:936 grammar LogManager.java:25 imported rule: (RULE DPONTOS (BLOCK (ALT ':')))
2022-09-25 10:56:02:936 grammar LogManager.java:25 imported rule: (RULE VIG (BLOCK (ALT ',')))
2022-09-25 10:56:02:936 grammar LogManager.java:25 imported rule: (RULE ABPAR (BLOCK (ALT '(')))
2022-09-25 10:56:02:936 grammar LogManager.java:25 imported rule: (RULE FPAR (BLOCK (ALT ')')))
2022-09-25 10:56:02:936 grammar LogManager.java:25 imported rule: (RULE ATRIB (BLOCK (ALT ':=')))
2022-09-25 10:56:02:936 grammar LogManager.java:25 imported rule: (RULE RESERVADA (BLOCK (ALT 'PROGRAM') (ALT 'BEGIN') (ALT 'END') (ALT 'WHILE') (ALT 'DO') (ALT 'READ') (ALT 'VAR') (ALT 'WRITE') (ALT 'IF') (ALT 'ELSE')))
2022-09-25 10:56:02:936 grammar LogManager.java:25 imported rule: (RULE WS (BLOCK (LEXER_ALT_ACTION (ALT (+ (BLOCK (ALT ' ') (ALT '\t') (ALT '\n') (ALT '\r')))) skip)))
2022-09-25 10:56:02:936 grammar LogManager.java:25 imported rule: (RULE COMENTARIO (BLOCK (LEXER_ALT_ACTION (ALT '//' (* (BLOCK (ALT (~ (SET [\r\n])))))) skip)))
2022-09-25 10:56:02:936 grammar LogManager.java:25 Grammar: (COMBINED_GRAMMAR MeAL (import Lex) (RULES (RULE prog (BLOCK (ALT 'PROGRAM' IDENTIFIER PVIG decls CmdComp PONTO) (ALT 'PROGRAM' IDENTIFIER PVIG CmdComp PONTO))) (RULE decls (BLOCK (ALT 'VAR' listDecl))) (RULE listDecl (BLOCK (ALT declTip) (ALT declTip listDecl))) (RULE declTip (BLOCK (ALT listId DPONTOS tip PVIG))) (RULE listId (BLOCK (ALT IDENTIFIER) (ALT IDENTIFIER VIG listId))) (RULE tip (BLOCK (ALT TIPO))) (RULE cmdComp (BLOCK (ALT 'BEGIN' listCmd 'END'))) (RULE listCmd (BLOCK (ALT cmd) (ALT cmd 'PVIG' listCmd))) (RULE cmd (BLOCK (ALT cmdIf) (ALT cmdWhile) (ALT cmdRead) (ALT cmdWrite) (ALT cmdAtrib) (ALT cmdAtrib) (ALT cmdComp))) (RULE cmdIf (BLOCK (ALT 'IF' expr 'THEN' cmd) (ALT expr 'Then' cmd 'ELSE' cmd))) (RULE cmdWhile (BLOCK (ALT 'WHILE' expr 'DO' cmd))) (RULE cmdRead (BLOCK (ALT 'READ' ABPAR listId FPAR))) (RULE cmdWrite (BLOCK (ALT 'WRITE' ABPAR listW FPAR))) (RULE listW (BLOCK (ALT elemW) (ALT elemW VIG listW))) (RULE elemW (BLOCK (ALT expr) (ALT CADEIA))) (RULE cmdAtrib (BLOCK (ALT IDENTIFIER ATRIB expr))) (RULE expr (BLOCK (ALT INTEIROS OPREL expr) (ALT INTEIROS OPAD expr) (ALT INTEIROS) (ALT INTEIROS OPMULT expr) (ALT ABPAR expr FPAR) (ALT INTEIROS OPLOG expr) (ALT IDENTIFIER) (ALT IDENTIFIER OPREL expr) (ALT IDENTIFIER OPAD expr) (ALT IDENTIFIER OPMULT expr) (ALT IDENTIFIER OPLOG expr))) (RULE comentario (BLOCK (ALT COMENTARIO CADEIA))) (RULE LETRAS (BLOCK (ALT (* (BLOCK (ALT [a-zA-Z])))))) (RULE CTE (BLOCK (ALT (+ (BLOCK (ALT [0-9])))) (ALT '-' (+ (BLOCK (ALT [0-9])))))) (RULE NUMERO (BLOCK (ALT (+ (BLOCK (ALT [0-9])))))) (RULE INTEIROS (BLOCK (ALT (? (BLOCK (ALT '+') (ALT '-'))) (* (BLOCK (ALT [0-9])))))) (RULE CADEIA (BLOCK (ALT '"' (+ (BLOCK (ALT (.. 'A' 'Z')) (ALT (.. 'a' 'z')) (ALT (.. '0' '9')) (ALT '-') (ALT '_'))) '"'))) (RULE IDENTIFIER (BLOCK (ALT [a-zA-Z] (* (BLOCK (ALT [a-zA-Z0-9])))))) (RULE BOOLEAN (BLOCK (ALT 'TRUE') (ALT 'FALSE'))) (RULE TIPO (BLOCK (ALT 'STRING') (ALT 'INTEGER') (ALT 'BOOLEAN'))) (RULE OPAD (BLOCK (ALT '+') (ALT '-'))) (RULE OPMULT (BLOCK (ALT '*') (ALT '/'))) (RULE OPLOG (BLOCK (ALT 'OR') (ALT 'AND'))) (RULE OPNEG (BLOCK (ALT '~'))) (RULE OPREL (BLOCK (ALT '<') (ALT '<=') (ALT '>') (ALT '>=') (ALT '==') (ALT '<>'))) (RULE PVIG (BLOCK (ALT ';'))) (RULE PONTO (BLOCK (ALT '.'))) (RULE DPONTOS (BLOCK (ALT ':'))) (RULE VIG (BLOCK (ALT ','))) (RULE ABPAR (BLOCK (ALT '('))) (RULE FPAR (BLOCK (ALT ')'))) (RULE ATRIB (BLOCK (ALT ':='))) (RULE RESERVADA (BLOCK (ALT 'PROGRAM') (ALT 'BEGIN') (ALT 'END') (ALT 'WHILE') (ALT 'DO') (ALT 'READ') (ALT 'VAR') (ALT 'WRITE') (ALT 'IF') (ALT 'ELSE'))) (RULE WS (BLOCK (LEXER_ALT_ACTION (ALT (+ (BLOCK (ALT ' ') (ALT '\t') (ALT '\n') (ALT '\r')))) skip))) (RULE COMENTARIO (BLOCK (LEXER_ALT_ACTION (ALT '//' (* (BLOCK (ALT (~ (SET [\r\n])))))) skip)))))
2022-09-25 10:56:02:949 grammar LogManager.java:25 after: (COMBINED_GRAMMAR MeAL (import Lex) (RULES (RULE prog (BLOCK (ALT 'PROGRAM' IDENTIFIER PVIG decls CmdComp PONTO) (ALT 'PROGRAM' IDENTIFIER PVIG CmdComp PONTO))) (RULE decls (BLOCK (ALT 'VAR' listDecl))) (RULE listDecl (BLOCK (ALT declTip) (ALT declTip listDecl))) (RULE declTip (BLOCK (ALT listId DPONTOS tip PVIG))) (RULE listId (BLOCK (ALT IDENTIFIER) (ALT IDENTIFIER VIG listId))) (RULE tip (BLOCK (ALT TIPO))) (RULE cmdComp (BLOCK (ALT 'BEGIN' listCmd 'END'))) (RULE listCmd (BLOCK (ALT cmd) (ALT cmd 'PVIG' listCmd))) (RULE cmd (BLOCK (ALT cmdIf) (ALT cmdWhile) (ALT cmdRead) (ALT cmdWrite) (ALT cmdAtrib) (ALT cmdAtrib) (ALT cmdComp))) (RULE cmdIf (BLOCK (ALT 'IF' expr 'THEN' cmd) (ALT expr 'Then' cmd 'ELSE' cmd))) (RULE cmdWhile (BLOCK (ALT 'WHILE' expr 'DO' cmd))) (RULE cmdRead (BLOCK (ALT 'READ' ABPAR listId FPAR))) (RULE cmdWrite (BLOCK (ALT 'WRITE' ABPAR listW FPAR))) (RULE listW (BLOCK (ALT elemW) (ALT elemW VIG listW))) (RULE elemW (BLOCK (ALT expr) (ALT CADEIA))) (RULE cmdAtrib (BLOCK (ALT IDENTIFIER ATRIB expr))) (RULE expr (BLOCK (ALT INTEIROS OPREL expr) (ALT INTEIROS OPAD expr) (ALT INTEIROS) (ALT INTEIROS OPMULT expr) (ALT ABPAR expr FPAR) (ALT INTEIROS OPLOG expr) (ALT IDENTIFIER) (ALT IDENTIFIER OPREL expr) (ALT IDENTIFIER OPAD expr) (ALT IDENTIFIER OPMULT expr) (ALT IDENTIFIER OPLOG expr))) (RULE comentario (BLOCK (ALT COMENTARIO CADEIA))) (RULE LETRAS (BLOCK (ALT (* (BLOCK (ALT [a-zA-Z])))))) (RULE CTE (BLOCK (ALT (+ (BLOCK (ALT [0-9])))) (ALT '-' (+ (BLOCK (ALT [0-9])))))) (RULE NUMERO (BLOCK (ALT (+ (BLOCK (ALT [0-9])))))) (RULE INTEIROS (BLOCK (ALT (? (BLOCK (ALT (SET '+' '-')))) (* (BLOCK (ALT [0-9])))))) (RULE CADEIA (BLOCK (ALT '"' (+ (BLOCK (ALT (SET (.. 'A' 'Z') (.. 'a' 'z') (.. '0' '9') '-' '_')))) '"'))) (RULE IDENTIFIER (BLOCK (ALT [a-zA-Z] (* (BLOCK (ALT [a-zA-Z0-9])))))) (RULE BOOLEAN (BLOCK (ALT 'TRUE') (ALT 'FALSE'))) (RULE TIPO (BLOCK (ALT 'STRING') (ALT 'INTEGER') (ALT 'BOOLEAN'))) (RULE OPAD (BLOCK (ALT (SET '+' '-')))) (RULE OPMULT (BLOCK (ALT (SET '*' '/')))) (RULE OPLOG (BLOCK (ALT 'OR') (ALT 'AND'))) (RULE OPNEG (BLOCK (ALT '~'))) (RULE OPREL (BLOCK (ALT '<') (ALT '<=') (ALT '>') (ALT '>=') (ALT '==') (ALT '<>'))) (RULE PVIG (BLOCK (ALT ';'))) (RULE PONTO (BLOCK (ALT '.'))) (RULE DPONTOS (BLOCK (ALT ':'))) (RULE VIG (BLOCK (ALT ','))) (RULE ABPAR (BLOCK (ALT '('))) (RULE FPAR (BLOCK (ALT ')'))) (RULE ATRIB (BLOCK (ALT ':='))) (RULE RESERVADA (BLOCK (ALT 'PROGRAM') (ALT 'BEGIN') (ALT 'END') (ALT 'WHILE') (ALT 'DO') (ALT 'READ') (ALT 'VAR') (ALT 'WRITE') (ALT 'IF') (ALT 'ELSE'))) (RULE WS (BLOCK (LEXER_ALT_ACTION (ALT (+ (BLOCK (ALT (SET ' ' '\t' '\n' '\r'))))) skip))) (RULE COMENTARIO (BLOCK (LEXER_ALT_ACTION (ALT '//' (* (BLOCK (ALT (~ (SET [\r\n])))))) skip)))))
2022-09-25 10:56:02:960 grammar LogManager.java:25 after extract implicit lexer =(COMBINED_GRAMMAR MeAL (import Lex) (RULES (RULE prog (BLOCK (ALT 'PROGRAM' IDENTIFIER PVIG decls CmdComp PONTO) (ALT 'PROGRAM' IDENTIFIER PVIG CmdComp PONTO))) (RULE decls (BLOCK (ALT 'VAR' listDecl))) (RULE listDecl (BLOCK (ALT declTip) (ALT declTip listDecl))) (RULE declTip (BLOCK (ALT listId DPONTOS tip PVIG))) (RULE listId (BLOCK (ALT IDENTIFIER) (ALT IDENTIFIER VIG listId))) (RULE tip (BLOCK (ALT TIPO))) (RULE cmdComp (BLOCK (ALT 'BEGIN' listCmd 'END'))) (RULE listCmd (BLOCK (ALT cmd) (ALT cmd 'PVIG' listCmd))) (RULE cmd (BLOCK (ALT cmdIf) (ALT cmdWhile) (ALT cmdRead) (ALT cmdWrite) (ALT cmdAtrib) (ALT cmdAtrib) (ALT cmdComp))) (RULE cmdIf (BLOCK (ALT 'IF' expr 'THEN' cmd) (ALT expr 'Then' cmd 'ELSE' cmd))) (RULE cmdWhile (BLOCK (ALT 'WHILE' expr 'DO' cmd))) (RULE cmdRead (BLOCK (ALT 'READ' ABPAR listId FPAR))) (RULE cmdWrite (BLOCK (ALT 'WRITE' ABPAR listW FPAR))) (RULE listW (BLOCK (ALT elemW) (ALT elemW VIG listW))) (RULE elemW (BLOCK (ALT expr) (ALT CADEIA))) (RULE cmdAtrib (BLOCK (ALT IDENTIFIER ATRIB expr))) (RULE expr (BLOCK (ALT INTEIROS OPREL expr) (ALT INTEIROS OPAD expr) (ALT INTEIROS) (ALT INTEIROS OPMULT expr) (ALT ABPAR expr FPAR) (ALT INTEIROS OPLOG expr) (ALT IDENTIFIER) (ALT IDENTIFIER OPREL expr) (ALT IDENTIFIER OPAD expr) (ALT IDENTIFIER OPMULT expr) (ALT IDENTIFIER OPLOG expr))) (RULE comentario (BLOCK (ALT COMENTARIO CADEIA)))))
2022-09-25 10:56:02:960 grammar LogManager.java:25 lexer =(LEXER_GRAMMAR MeALLexer (RULES (RULE T__0 (BLOCK (ALT 'PROGRAM'))) (RULE T__1 (BLOCK (ALT 'VAR'))) (RULE T__2 (BLOCK (ALT 'BEGIN'))) (RULE T__3 (BLOCK (ALT 'END'))) (RULE T__4 (BLOCK (ALT 'PVIG'))) (RULE T__5 (BLOCK (ALT 'IF'))) (RULE T__6 (BLOCK (ALT 'THEN'))) (RULE T__7 (BLOCK (ALT 'Then'))) (RULE T__8 (BLOCK (ALT 'ELSE'))) (RULE T__9 (BLOCK (ALT 'WHILE'))) (RULE T__10 (BLOCK (ALT 'DO'))) (RULE T__11 (BLOCK (ALT 'READ'))) (RULE T__12 (BLOCK (ALT 'WRITE'))) (RULE LETRAS (BLOCK (ALT (* (BLOCK (ALT [a-zA-Z])))))) (RULE CTE (BLOCK (ALT (+ (BLOCK (ALT [0-9])))) (ALT '-' (+ (BLOCK (ALT [0-9])))))) (RULE NUMERO (BLOCK (ALT (+ (BLOCK (ALT [0-9])))))) (RULE INTEIROS (BLOCK (ALT (? (BLOCK (ALT (SET '+' '-')))) (* (BLOCK (ALT [0-9])))))) (RULE CADEIA (BLOCK (ALT '"' (+ (BLOCK (ALT (SET (.. 'A' 'Z') (.. 'a' 'z') (.. '0' '9') '-' '_')))) '"'))) (RULE IDENTIFIER (BLOCK (ALT [a-zA-Z] (* (BLOCK (ALT [a-zA-Z0-9])))))) (RULE BOOLEAN (BLOCK (ALT 'TRUE') (ALT 'FALSE'))) (RULE TIPO (BLOCK (ALT 'STRING') (ALT 'INTEGER') (ALT 'BOOLEAN'))) (RULE OPAD (BLOCK (ALT (SET '+' '-')))) (RULE OPMULT (BLOCK (ALT (SET '*' '/')))) (RULE OPLOG (BLOCK (ALT 'OR') (ALT 'AND'))) (RULE OPNEG (BLOCK (ALT '~'))) (RULE OPREL (BLOCK (ALT '<') (ALT '<=') (ALT '>') (ALT '>=') (ALT '==') (ALT '<>'))) (RULE PVIG (BLOCK (ALT ';'))) (RULE PONTO (BLOCK (ALT '.'))) (RULE DPONTOS (BLOCK (ALT ':'))) (RULE VIG (BLOCK (ALT ','))) (RULE ABPAR (BLOCK (ALT '('))) (RULE FPAR (BLOCK (ALT ')'))) (RULE ATRIB (BLOCK (ALT ':='))) (RULE RESERVADA (BLOCK (ALT 'PROGRAM') (ALT 'BEGIN') (ALT 'END') (ALT 'WHILE') (ALT 'DO') (ALT 'READ') (ALT 'VAR') (ALT 'WRITE') (ALT 'IF') (ALT 'ELSE'))) (RULE WS (BLOCK (LEXER_ALT_ACTION (ALT (+ (BLOCK (ALT (SET ' ' '\t' '\n' '\r'))))) skip))) (RULE COMENTARIO (BLOCK (LEXER_ALT_ACTION (ALT '//' (* (BLOCK (ALT (~ (SET [\r\n])))))) skip)))))
2022-09-25 10:56:03:075 semantics LogManager.java:25 tokens={EOF=-1, T__0=1, T__1=2, T__2=3, T__3=4, T__4=5, T__5=6, T__6=7, T__7=8, T__8=9, T__9=10, T__10=11, T__11=12, T__12=13, LETRAS=14, CTE=15, NUMERO=16, INTEIROS=17, CADEIA=18, IDENTIFIER=19, BOOLEAN=20, TIPO=21, OPAD=22, OPMULT=23, OPLOG=24, OPNEG=25, OPREL=26, PVIG=27, PONTO=28, DPONTOS=29, VIG=30, ABPAR=31, FPAR=32, ATRIB=33, RESERVADA=34, WS=35, COMENTARIO=36, CmdComp=37}
2022-09-25 10:56:03:075 semantics LogManager.java:25 strings={'PROGRAM'=1, 'VAR'=2, 'BEGIN'=3, 'END'=4, 'PVIG'=5, 'IF'=6, 'THEN'=7, 'Then'=8, 'ELSE'=9, 'WHILE'=10, 'DO'=11, 'READ'=12, 'WRITE'=13, '~'=25, ';'=27, '.'=28, ':'=29, ','=30, '('=31, ')'=32, ':='=33}
2022-09-25 10:56:03:077 LL1 LogManager.java:25 
DECISION 0 in rule prog
2022-09-25 10:56:03:078 LL1 LogManager.java:25 look=[1, 1]
2022-09-25 10:56:03:078 LL1 LogManager.java:25 LL(1)? false
2022-09-25 10:56:03:078 LL1 LogManager.java:25 
DECISION 1 in rule listDecl
2022-09-25 10:56:03:078 LL1 LogManager.java:25 look=[19, 19]
2022-09-25 10:56:03:078 LL1 LogManager.java:25 LL(1)? false
2022-09-25 10:56:03:078 LL1 LogManager.java:25 
DECISION 2 in rule listId
2022-09-25 10:56:03:079 LL1 LogManager.java:25 look=[19, 19]
2022-09-25 10:56:03:079 LL1 LogManager.java:25 LL(1)? false
2022-09-25 10:56:03:079 LL1 LogManager.java:25 
DECISION 3 in rule listCmd
2022-09-25 10:56:03:079 LL1 LogManager.java:25 look=[{3, 6, 10, 12..13, 17, 19, 31}, {3, 6, 10, 12..13, 17, 19, 31}]
2022-09-25 10:56:03:079 LL1 LogManager.java:25 LL(1)? false
2022-09-25 10:56:03:079 LL1 LogManager.java:25 
DECISION 4 in rule cmd
2022-09-25 10:56:03:079 LL1 LogManager.java:25 look=[{6, 17, 19, 31}, 10, 12, 13, 19, 19, 3]
2022-09-25 10:56:03:079 LL1 LogManager.java:25 LL(1)? false
2022-09-25 10:56:03:079 LL1 LogManager.java:25 
DECISION 5 in rule cmdIf
2022-09-25 10:56:03:079 LL1 LogManager.java:25 look=[6, {17, 19, 31}]
2022-09-25 10:56:03:079 LL1 LogManager.java:25 LL(1)? true
2022-09-25 10:56:03:079 LL1 LogManager.java:25 
DECISION 6 in rule listW
2022-09-25 10:56:03:079 LL1 LogManager.java:25 look=[{17..19, 31}, {17..19, 31}]
2022-09-25 10:56:03:079 LL1 LogManager.java:25 LL(1)? false
2022-09-25 10:56:03:079 LL1 LogManager.java:25 
DECISION 7 in rule elemW
2022-09-25 10:56:03:079 LL1 LogManager.java:25 look=[{17, 19, 31}, 18]
2022-09-25 10:56:03:079 LL1 LogManager.java:25 LL(1)? true
2022-09-25 10:56:03:079 LL1 LogManager.java:25 
DECISION 8 in rule expr
2022-09-25 10:56:03:079 LL1 LogManager.java:25 look=[17, 17, 17, 17, 31, 17, 19, 19, 19, 19, 19]
2022-09-25 10:56:03:079 LL1 LogManager.java:25 LL(1)? false
